<?xml version="1.0" encoding="UTF-8"?>
<!-- Generated by org.testng.reporters.JUnitXMLReporter -->
<testsuite hostname="LAPTOP-I98TTM3R" ignored="0" name="Test" tests="9" failures="0" timestamp="25 Nov 2023 12:03:12 GMT" time="103.462" errors="0">
  <testcase name="Initializationofbrowser" time="3.035" classname="org.test.Testingbynopcommerce"/>
  <testcase name="Applicationurllanched" time="2.355" classname="org.test.Testingbynopcommerce"/>
  <testcase name="Register" time="2.98" classname="org.test.Testingbynopcommerce"/>
  <testcase name="loginfuctional" time="2.285" classname="org.test.Testingbynopcommerce"/>
  <testcase name="searching" time="29.71" classname="org.test.Testingbynopcommerce"/>
  <testcase name="billingaddress" time="11.579" classname="org.test.Testingbynopcommerce"/>
  <testcase name="shippingmethod" time="10.25" classname="org.test.Testingbynopcommerce"/>
  <testcase name="paymentmethod" time="20.283" classname="org.test.Testingbynopcommerce"/>
  <testcase name="confirm" time="20.917" classname="org.test.Testingbynopcommerce"/>
</testsuite> <!-- Test -->
